<?xml version="1.0" encoding="UTF-8"?>
<testng-results skipped="0" failed="0" ignored="0" total="1" passed="1">
  <reporter-output>
  </reporter-output>
  <suite name="Default suite" duration-ms="75981" started-at="2020-06-22T21:36:09Z" finished-at="2020-06-22T21:37:25Z">
    <groups>
    </groups>
    <test name="Default test" duration-ms="75981" started-at="2020-06-22T21:36:09Z" finished-at="2020-06-22T21:37:25Z">
      <class name="Execution.ExecuteVerifyongoogle">
        <test-method status="PASS" signature="launch()[pri:0, instance:Execution.ExecuteVerifyongoogle@46d56d67]" name="launch" is-config="true" duration-ms="8232" started-at="2020-06-23T03:06:09Z" finished-at="2020-06-23T03:06:17Z">
          <reporter-output>
          </reporter-output>
        </test-method> <!-- launch -->
        <test-method status="PASS" signature="verifygo1()[pri:0, instance:Execution.ExecuteVerifyongoogle@46d56d67]" name="verifygo1" duration-ms="67723" started-at="2020-06-23T03:06:17Z" finished-at="2020-06-23T03:07:25Z">
          <reporter-output>
          </reporter-output>
        </test-method> <!-- verifygo1 -->
      </class> <!-- Execution.ExecuteVerifyongoogle -->
    </test> <!-- Default test -->
  </suite> <!-- Default suite -->
</testng-results>
